[preview.colorlib.com/theme/zeta/blog.html]
[backblue.gif]
[fade.gif]
[index.html]
[preview.colorlib.com/theme/zeta/styles/A.blog_styles.css+blog_responsive.css,Mcc.VU08I1FML5.css.pagespeed.cf.KzX4zl7glK.css]
[preview.colorlib.com/theme/zeta/A.styles,,_bootstrap4,,_bootstrap.min.css+plugins,,_fontawesome-free-5.0.1,,_css,,_fontawesome-all.css+plugins,,_OwlCarousel2-2.2.1,,_owl.carousel.css+plugins,,_OwlCarousel2-2.2.1]
[preview.colorlib.com/theme/zeta/index.html]
[preview.colorlib.com/theme/zeta/services.html]
[preview.colorlib.com/theme/zeta/elements.html]
[preview.colorlib.com/theme/zeta/contact.html]
[preview.colorlib.com/theme/zeta/images/menu_shapes.png]
[preview.colorlib.com/theme/zeta/images/blog_background.jpg]
[preview.colorlib.com/theme/zeta/images/services_page_shapes.png]
[preview.colorlib.com/theme/zeta/images/blog_1.jpg]
[preview.colorlib.com/theme/zeta/blog_post.html]
[preview.colorlib.com/theme/zeta/images/blog_2.jpg]
[preview.colorlib.com/theme/zeta/images/blog_3.jpg]
[preview.colorlib.com/theme/zeta/images/search.png]
[preview.colorlib.com/theme/zeta/images/recent_1.jpg]
[preview.colorlib.com/theme/zeta/images/recent_2.jpg]
[preview.colorlib.com/theme/zeta/images/recent_3.jpg]
[preview.colorlib.com/theme/zeta/images/recent_4.jpg]
[preview.colorlib.com/theme/zeta/images/popular_1.jpg]
[preview.colorlib.com/theme/zeta/images/popular_2.jpg]
[preview.colorlib.com/theme/zeta/images/popular_3.jpg]
[preview.colorlib.com/theme/zeta/images/gallery_1_large.jpg]
[preview.colorlib.com/theme/zeta/images/gallery_1.jpg]
[preview.colorlib.com/theme/zeta/images/gallery_2_large.jpg]
[preview.colorlib.com/theme/zeta/images/gallery_2.jpg]
[preview.colorlib.com/theme/zeta/images/gallery_3_large.jpg]
[preview.colorlib.com/theme/zeta/images/gallery_3.jpg]
[preview.colorlib.com/theme/zeta/images/gallery_4_large.jpg]
[preview.colorlib.com/theme/zeta/images/gallery_4.jpg]
[preview.colorlib.com/theme/zeta/images/gallery_5_large.jpg]
[preview.colorlib.com/theme/zeta/images/gallery_5.jpg]
[preview.colorlib.com/theme/zeta/images/gallery_6_large.jpg]
[preview.colorlib.com/theme/zeta/images/gallery_6.jpg]
[preview.colorlib.com/theme/zeta/images/sidebar_slider_1.jpg]
[preview.colorlib.com/theme/zeta/images/sidebar_slider_2.jpg]
[preview.colorlib.com/theme/zeta/images/sidebar_slider_3.jpg]
[preview.colorlib.com/theme/zeta/images/contact_background.jpg]
[preview.colorlib.com/theme/zeta/images/contact_shape.png]
[preview.colorlib.com/theme/zeta/images/arrow_right.svg]
[preview.colorlib.com/theme/zeta/js/jquery-3.2.1.min.js]
[preview.colorlib.com/theme/zeta/styles/bootstrap4/popper.js]
[preview.colorlib.com/theme/zeta/styles/bootstrap4/bootstrap.min.js]
[preview.colorlib.com/theme/zeta/plugins/greensock/TweenMax.min.js]
[preview.colorlib.com/theme/zeta/plugins/greensock,_TimelineMax.min.js+scrollmagic,_ScrollMagic.min.js+greensock,_animation.gsap.min.js+greensock,_ScrollToPlugin.min.js+progressbar,_progressbar.min.js.pagespeed.j]
[preview.colorlib.com/theme/zeta/plugins/OwlCarousel2-2.2.1/owl.carousel.js]
[preview.colorlib.com/theme/zeta/plugins,_js-flickr-gallery-1.24,_js-flickr-gallery.js+plugins,_colorbox,_jquery.colorbox-min.js+plugins,_easing,_easing.js+js,_blog_custom.js.pagespeed.jc.mKC-xnDUVx.js]
[preview.colorlib.com/theme/zeta/blog.html]
[static.cloudflareinsights.com/beacon.min.js]
[preview.colorlib.com/theme/zeta/plugins/fontawesome-free-5.0.1/webfonts/fa-brands-400.eot]
[preview.colorlib.com/theme/zeta/plugins/fontawesome-free-5.0.1/webfonts/fa-brands-400d41d.eot]
[preview.colorlib.com/theme/zeta/plugins/fontawesome-free-5.0.1/webfonts/fa-brands-400.woff2]
[preview.colorlib.com/theme/zeta/plugins/fontawesome-free-5.0.1/webfonts/fa-brands-400.woff]
[preview.colorlib.com/theme/zeta/plugins/fontawesome-free-5.0.1/webfonts/fa-brands-400.ttf]
[preview.colorlib.com/theme/zeta/plugins/fontawesome-free-5.0.1/webfonts/fa-brands-400.svg]
[preview.colorlib.com/theme/zeta/plugins/fontawesome-free-5.0.1/webfonts/fa-regular-400.eot]
[preview.colorlib.com/theme/zeta/plugins/fontawesome-free-5.0.1/webfonts/fa-regular-400d41d.eot]
[preview.colorlib.com/theme/zeta/plugins/fontawesome-free-5.0.1/webfonts/fa-regular-400.woff2]
[preview.colorlib.com/theme/zeta/plugins/fontawesome-free-5.0.1/webfonts/fa-regular-400.woff]
[preview.colorlib.com/theme/zeta/plugins/fontawesome-free-5.0.1/webfonts/fa-regular-400.ttf]
[preview.colorlib.com/theme/zeta/plugins/fontawesome-free-5.0.1/webfonts/fa-regular-400.svg]
[preview.colorlib.com/theme/zeta/plugins/fontawesome-free-5.0.1/webfonts/fa-solid-900.eot]
[preview.colorlib.com/theme/zeta/plugins/fontawesome-free-5.0.1/webfonts/fa-solid-900d41d.eot]
[preview.colorlib.com/theme/zeta/plugins/fontawesome-free-5.0.1/webfonts/fa-solid-900.woff2]
[preview.colorlib.com/theme/zeta/plugins/fontawesome-free-5.0.1/webfonts/fa-solid-900.woff]
[preview.colorlib.com/theme/zeta/plugins/fontawesome-free-5.0.1/webfonts/fa-solid-900.ttf]
[preview.colorlib.com/theme/zeta/plugins/fontawesome-free-5.0.1/webfonts/fa-solid-900.svg]
[preview.colorlib.com/theme/zeta/plugins/OwlCarousel2-2.2.1/xowl.video.play.png.pagespeed.ic.TL3hJNbNgS.png]
[preview.colorlib.com/theme/zeta/plugins/colorbox/images/controls.png]
[preview.colorlib.com/theme/zeta/plugins/colorbox/images/border.png]
[preview.colorlib.com/theme/zeta/plugins/colorbox/images/loading_background.png]
[preview.colorlib.com/theme/zeta/plugins/colorbox/images/loading.gif]
[preview.colorlib.com/theme/zeta/A.styles,,_bootstrap4,,_bootstrap.min.css+plugins,,_fontawesome-free-5.0.1,,_css,,_fontawesome-all.css+plugins,,_OwlCarousel2-2.2.1,,_owl.carousel.css+plugins,,_OwlCarousel2-2.2.1]
[preview.colorlib.com/theme/zeta/styles/A.blog_styles.css+blog_responsive.css,Mcc.VU08I1FML5.css.pagespeed.cf.KzX4zl7glK.css]
[preview.colorlib.com/theme/zeta/A.styles,,_bootstrap4,,_bootstrap.min.css+plugins,,_fontawesome-free-5.0.1,,_css,,_fontawesome-all.css+plugins,,_OwlCarousel2-2.2.1,,_owl.carousel.css+plugins,,_OwlCarousel2-2.2-2.1]
[preview.colorlib.com/theme/zeta/styles/A.main_styles.css+responsive.css,Mcc.EioAAAliA3.css.pagespeed.cf.kIh36GEAeN.css]
[preview.colorlib.com/theme/zeta/images/xmenu_shapes.png.pagespeed.ic.wl2wClZPcM.png]
[preview.colorlib.com/theme/zeta/images/main_slider_1.jpg]
[preview.colorlib.com/theme/zeta/images/main_slider_shapes.png]
[preview.colorlib.com/theme/zeta/images/icon_1.svg]
[preview.colorlib.com/theme/zeta/images/icon_2.svg]
[preview.colorlib.com/theme/zeta/images/icon_3.svg]
[preview.colorlib.com/theme/zeta/images/about_background.jpg]
[preview.colorlib.com/theme/zeta/images/about_shapes.png]
[preview.colorlib.com/theme/zeta/images/signiture.png]
[preview.colorlib.com/theme/zeta/images/test_user.jpg]
[preview.colorlib.com/theme/zeta/images/services_background.jpg]
[preview.colorlib.com/theme/zeta/images/services_shapes.png]
[preview.colorlib.com/theme/zeta/images/icon_4.svg]
[preview.colorlib.com/theme/zeta/images/icon_5.svg]
[preview.colorlib.com/theme/zeta/images/icon_6.svg]
[preview.colorlib.com/theme/zeta/images/client_1.png]
[preview.colorlib.com/theme/zeta/images/client_2.png]
[preview.colorlib.com/theme/zeta/images/client_3.png]
[preview.colorlib.com/theme/zeta/images/client_4.png]
[preview.colorlib.com/theme/zeta/images/client_5.png]
[preview.colorlib.com/theme/zeta/index.html]
[preview.colorlib.com/theme/zeta/plugins,_easing,_easing.js+js,_custom.js.pagespeed.jc.gC75MJp9ND.js]
[preview.colorlib.com/theme/zeta/styles/A.services_styles.css+services_responsive.css,Mcc.FZbPpXUP-W.css.pagespeed.cf.-QKYY606eQ.css]
[preview.colorlib.com/theme/zeta/images/services_parallax.jpg]
[preview.colorlib.com/theme/zeta/images/xservices_page_shapes.png.pagespeed.ic.XPDwMe2JKx.png]
[preview.colorlib.com/theme/zeta/images/card_1.jpg]
[preview.colorlib.com/theme/zeta/images/card_2.jpg]
[preview.colorlib.com/theme/zeta/images/card_3.jpg]
[preview.colorlib.com/theme/zeta/images/pic_box_1.jpg]
[preview.colorlib.com/theme/zeta/images/pic_box_2.jpg]
[preview.colorlib.com/theme/zeta/images/pic_box_3.jpg]
[preview.colorlib.com/theme/zeta/plugins/greensock,_TimelineMax.min.js+scrollmagic,_ScrollMagic.min.js+greensock,_animation.gsap.min.js+greensock,_ScrollToPlugin.min.js.pagespeed.jc.XISvuGV5MR.js]
[preview.colorlib.com/theme/zeta/plugins/parallax.js-1.5.0/parallax.min.js]
[preview.colorlib.com/theme/zeta/plugins/progressbar/progressbar.min.js]
[preview.colorlib.com/theme/zeta/services.html]
[preview.colorlib.com/theme/zeta/plugins,_easing,_easing.js+js,_services_custom.js.pagespeed.jc.cPLqv2RG_D.js]
[preview.colorlib.com/theme/zeta/styles/bootstrap4/bootstrap.min.css]
[preview.colorlib.com/theme/zeta/plugins/fontawesome-free-5.0.1/css/fontawesome-all.css]
[preview.colorlib.com/theme/zeta/plugins/OwlCarousel2-2.2.1/owl.carousel.css]
[preview.colorlib.com/theme/zeta/plugins/OwlCarousel2-2.2.1/owl.theme.default.css]
[preview.colorlib.com/theme/zeta/plugins/OwlCarousel2-2.2.1/animate.css]
[preview.colorlib.com/theme/zeta/plugins/js-flickr-gallery-1.24/js-flickr-gallery.css]
[preview.colorlib.com/theme/zeta/plugins/colorbox/colorbox.css]
[preview.colorlib.com/theme/zeta/styles/elements_styles.css]
[preview.colorlib.com/theme/zeta/styles/elements_responsive.css]
[preview.colorlib.com/theme/zeta/plugins/greensock/TimelineMax.min.js]
[preview.colorlib.com/theme/zeta/plugins/scrollmagic/ScrollMagic.min.js]
[preview.colorlib.com/theme/zeta/plugins/greensock/animation.gsap.min.js]
[preview.colorlib.com/theme/zeta/plugins/greensock/ScrollToPlugin.min.js]
[preview.colorlib.com/theme/zeta/plugins/easing/easing.js]
[preview.colorlib.com/theme/zeta/elements.html]
[preview.colorlib.com/theme/zeta/js/elements_custom.js]
[preview.colorlib.com/theme/zeta/styles/contact_styles.css]
[preview.colorlib.com/theme/zeta/styles/contact_responsive.css]
[preview.colorlib.com/cdn-cgi/scripts/5c5dd728/cloudflare-static/email-decode.min.js]
[preview.colorlib.com/theme/zeta/contact.html]
[preview.colorlib.com/theme/zeta/js/contact_custom.js]
[preview.colorlib.com/theme/zeta/styles/A.blog_post_styles.css+blog_post_responsive.css,Mcc.78UwFpVBAM.css.pagespeed.cf.3D9Zlmih0j.css]
[preview.colorlib.com/theme/zeta/images/xblog_1.jpg.pagespeed.ic.0vMHseMg2R.jpg]
[preview.colorlib.com/theme/zeta/images/xblog_post_comment_1.jpg.pagespeed.ic.rWHngQZo_h.jpg]
[preview.colorlib.com/theme/zeta/images/xblog_post_comment_2.jpg.pagespeed.ic.ensx4MEyYy.jpg]
[preview.colorlib.com/theme/zeta/images/xrecent_1.jpg.pagespeed.ic.KVY9FqwmB_.jpg]
[preview.colorlib.com/theme/zeta/images/xrecent_2.jpg.pagespeed.ic.Ny50bPOIvs.jpg]
[preview.colorlib.com/theme/zeta/images/xrecent_3.jpg.pagespeed.ic.OacE82eUtQ.jpg]
[preview.colorlib.com/theme/zeta/images/xrecent_4.jpg.pagespeed.ic.5AKGrH53Av.jpg]
[preview.colorlib.com/theme/zeta/images/xpopular_1.jpg.pagespeed.ic.meHlm1DEep.jpg]
[preview.colorlib.com/theme/zeta/images/xpopular_2.jpg.pagespeed.ic.62eVrIESsx.jpg]
[preview.colorlib.com/theme/zeta/images/xpopular_3.jpg.pagespeed.ic.CyIMF8HFY_.jpg]
[preview.colorlib.com/theme/zeta/images/xgallery_1.jpg.pagespeed.ic.omzDDjwebn.jpg]
[preview.colorlib.com/theme/zeta/images/xgallery_2.jpg.pagespeed.ic.tcbn7ja42C.jpg]
[preview.colorlib.com/theme/zeta/images/xgallery_3.jpg.pagespeed.ic.MXn8AnH1xu.jpg]
[preview.colorlib.com/theme/zeta/images/xgallery_4.jpg.pagespeed.ic.L-NYeXMrzi.jpg]
[preview.colorlib.com/theme/zeta/images/xgallery_5.jpg.pagespeed.ic.SFmDT6fSvs.jpg]
[preview.colorlib.com/theme/zeta/images/xsidebar_slider_1.jpg.pagespeed.ic.q_b3e1_9du.jpg]
[preview.colorlib.com/theme/zeta/images/xsidebar_slider_2.jpg.pagespeed.ic.4xQv2GQrkH.jpg]
[preview.colorlib.com/theme/zeta/images/xsidebar_slider_3.jpg.pagespeed.ic.Q9bSi4HlvU.jpg]
[preview.colorlib.com/theme/zeta/images/xcontact_background.jpg.pagespeed.ic.I4HQOgeuNx.jpg]
[preview.colorlib.com/theme/zeta/images/xcontact_shape.png.pagespeed.ic.xfdINSNavL.png]
[preview.colorlib.com/theme/zeta/blog_post.html]
[preview.colorlib.com/theme/zeta/images/arrow_right.svg]
[preview.colorlib.com/theme/zeta/plugins/fontawesome-free-5.0.1/webfonts/fa-brands-400.svg]
[preview.colorlib.com/theme/zeta/plugins/fontawesome-free-5.0.1/webfonts/fa-regular-400.svg]
[preview.colorlib.com/theme/zeta/plugins/fontawesome-free-5.0.1/webfonts/fa-solid-900.svg]
[preview.colorlib.com/theme/zeta/A.styles,,_bootstrap4,,_bootstrap.min.css+plugins,,_fontawesome-free-5.0.1,,_css,,_fontawesome-all.css+plugins,,_OwlCarousel2-2.2.1,,_owl.carousel.css+plugins,,_OwlCarousel2-2.2-2.1]
[preview.colorlib.com/theme/zeta/styles/A.main_styles.css+responsive.css,Mcc.EioAAAliA3.css.pagespeed.cf.kIh36GEAeN.css]
[preview.colorlib.com/theme/zeta/images/icon_1.svg]
[preview.colorlib.com/theme/zeta/images/icon_2.svg]
[preview.colorlib.com/theme/zeta/images/icon_3.svg]
[preview.colorlib.com/theme/zeta/images/icon_4.svg]
[preview.colorlib.com/theme/zeta/images/icon_5.svg]
[preview.colorlib.com/theme/zeta/images/icon_6.svg]
[preview.colorlib.com/theme/zeta/styles/A.services_styles.css+services_responsive.css,Mcc.FZbPpXUP-W.css.pagespeed.cf.-QKYY606eQ.css]
[preview.colorlib.com/theme/zeta/plugins/parallax.js-1.5.0/parallax.min.html]
[preview.colorlib.com/theme/zeta/styles/bootstrap4/bootstrap.min.css]
[preview.colorlib.com/theme/zeta/plugins/fontawesome-free-5.0.1/css/fontawesome-all.css]
[preview.colorlib.com/theme/zeta/plugins,_js-flickr-gallery-1.24,_js-flickr-gallery.js+plugins,_colorbox,_jquery.colorbox-min.js+plugins,_easing,_easing.js+js,_blog_post_custom.js.pagespeed.jc.vwhWSS4WGI.93.delay]
[preview.colorlib.com/theme/zeta/plugins/OwlCarousel2-2.2.1/owl.video.play.png]
[preview.colorlib.com/theme/zeta/plugins/OwlCarousel2-2.2.1/owl.carousel.css]
[preview.colorlib.com/theme/zeta/plugins/OwlCarousel2-2.2.1/owl.theme.default.css]
[preview.colorlib.com/theme/zeta/plugins/OwlCarousel2-2.2.1/animate.css]
[preview.colorlib.com/theme/zeta/plugins/js-flickr-gallery-1.24/js-flickr-gallery.css]
[preview.colorlib.com/theme/zeta/plugins/colorbox/colorbox.css]
[preview.colorlib.com/theme/zeta/styles/elements_styles.css]
[preview.colorlib.com/theme/zeta/styles/elements_responsive.css]
[preview.colorlib.com/theme/zeta/styles/contact_styles.css]
[preview.colorlib.com/theme/zeta/styles/contact_responsive.css]
[preview.colorlib.com/theme/zeta/styles/A.blog_post_styles.css+blog_post_responsive.css,Mcc.78UwFpVBAM.css.pagespeed.cf.3D9Zlmih0j.css]
